<?xml version="1.0" encoding="UTF-8"?>
<!-- Generated by org.testng.reporters.JUnitReportReporter -->
<testsuite skipped="0" hostname="Shona" name="com.qa.test.HomePageTest" tests="3" failures="0" timestamp="06 Feb 2018 14:46:24 GMT" time="68.716" errors="0">
  <testcase name="validateHomePageTitleTest" time="17.687" classname="com.qa.test.HomePageTest"/>
  <testcase name="verifyCorrectUserNameTest" time="20.502" classname="com.qa.test.HomePageTest"/>
  <testcase name="clickOnContactsPageLink" time="30.527" classname="com.qa.test.HomePageTest"/>
</testsuite> <!-- com.qa.test.HomePageTest -->
