<?xml version="1.0" encoding="UTF-8"?>
<!-- Generated by org.testng.reporters.JUnitReportReporter -->
<testsuite skipped="0" hostname="Shona" name="com.qa.test.LoginPageTest" tests="4" failures="0" timestamp="06 Feb 2018 20:24:28 GMT" time="50.100" errors="0">
  <testcase name="validateLoginPageTitleTest" time="7.698" classname="com.qa.test.LoginPageTest"/>
  <testcase name="validateCRMLogo" time="8.603" classname="com.qa.test.LoginPageTest"/>
  <testcase name="loginTest" time="22.657" classname="com.qa.test.LoginPageTest"/>
  <testcase name="validatesignUpBtnTest" time="11.142" classname="com.qa.test.LoginPageTest"/>
</testsuite> <!-- com.qa.test.LoginPageTest -->
