<?xml version="1.0" encoding="UTF-8"?>
<!-- Generated by org.testng.reporters.JUnitReportReporter -->
<testsuite skipped="0" hostname="Shona" name="com.qa.test.ContactsPageTest" tests="5" failures="0" timestamp="06 Feb 2018 17:48:35 GMT" time="163.407" errors="0">
  <testcase name="verifyContactPageLabel" time="16.440" classname="com.qa.test.ContactsPageTest"/>
  <testcase name="validateSelectContactbyName" time="28.612" classname="com.qa.test.ContactsPageTest"/>
  <testcase name="validateNewcontacts" time="32.703" classname="com.qa.test.ContactsPageTest"/>
  <testcase name="validateNewcontacts" time="42.794" classname="com.qa.test.ContactsPageTest"/>
  <testcase name="validateNewcontacts" time="42.858" classname="com.qa.test.ContactsPageTest"/>
</testsuite> <!-- com.qa.test.ContactsPageTest -->
