<?xml version="1.0" encoding="UTF-8"?>
<!-- Generated by org.testng.reporters.JUnitReportReporter -->
<testsuite skipped="0" hostname="Shona" name="com.qa.test.LoginPageTest" tests="4" failures="0" timestamp="06 Feb 2018 21:13:42 GMT" time="43.963" errors="0">
  <testcase name="validateLoginPageTitleTest" time="7.506" classname="com.qa.test.LoginPageTest"/>
  <testcase name="validateCRMLogo" time="8.831" classname="com.qa.test.LoginPageTest"/>
  <testcase name="loginTest" time="21.106" classname="com.qa.test.LoginPageTest"/>
  <testcase name="validatesignUpBtnTest" time="6.520" classname="com.qa.test.LoginPageTest"/>
</testsuite> <!-- com.qa.test.LoginPageTest -->
