<?xml version="1.0" encoding="UTF-8"?>
<!-- Generated by org.testng.reporters.JUnitReportReporter -->
<testsuite skipped="0" hostname="Shona" name="com.qa.test.HomePageTest" tests="3" failures="0" timestamp="06 Feb 2018 21:13:42 GMT" time="71.782" errors="0">
  <testcase name="validateHomePageTitleTest" time="21.473" classname="com.qa.test.HomePageTest"/>
  <testcase name="verifyCorrectUserNameTest" time="25.798" classname="com.qa.test.HomePageTest"/>
  <testcase name="clickOnContactsPageLink" time="24.511" classname="com.qa.test.HomePageTest"/>
</testsuite> <!-- com.qa.test.HomePageTest -->
