<?xml version="1.0" encoding="UTF-8"?>
<!-- Generated by org.testng.reporters.JUnitReportReporter -->
<testsuite skipped="0" hostname="Shona" name="com.qa.test.ContactsPageTest" tests="5" failures="0" timestamp="06 Feb 2018 21:13:42 GMT" time="252.094" errors="0">
  <testcase name="verifyContactPageLabel" time="23.647" classname="com.qa.test.ContactsPageTest"/>
  <testcase name="validateSelectContactbyName" time="30.065" classname="com.qa.test.ContactsPageTest"/>
  <testcase name="validateNewcontacts" time="55.998" classname="com.qa.test.ContactsPageTest"/>
  <testcase name="validateNewcontacts" time="44.166" classname="com.qa.test.ContactsPageTest"/>
  <testcase name="validateNewcontacts" time="98.218" classname="com.qa.test.ContactsPageTest"/>
</testsuite> <!-- com.qa.test.ContactsPageTest -->
